<?xml version="1.0" encoding="UTF-8"?>
<!-- Generated by org.testng.reporters.JUnitXMLReporter -->
<testsuite ignored="0" hostname="Anas" failures="0" tests="3" name="Default test" time="18.092" errors="0" timestamp="2023-12-04T17:58:32 EET">
  <testcase classname="Parameters.Assigment2" name="Contact" time="6.093"/>
  <testcase classname="Parameters.Assigment2" name="LogoutTest" time="2.486"/>
  <testcase classname="Parameters.Assigment2" name="LoginTest" time="3.114"/>
</testsuite> <!-- Default test -->
