<?xml version="1.0" encoding="UTF-8"?>
<!-- Generated by org.testng.reporters.JUnitXMLReporter -->
<testsuite ignored="0" hostname="Anas" failures="0" tests="3" name="Default test" time="16.818" errors="0" timestamp="2023-12-04T17:38:58 EET">
  <testcase classname="Parameters.Assigment2" name="Contact" time="6.637"/>
  <testcase classname="Parameters.Assigment2" name="LogoutTest" time="2.583"/>
  <testcase classname="Parameters.Assigment2" name="LoginTest" time="3.137"/>
</testsuite> <!-- Default test -->
