<?xml version="1.0" encoding="UTF-8"?>
<testng-results ignored="0" total="3" passed="3" failed="0" skipped="0">
  <reporter-output>
  </reporter-output>
  <suite started-at="2023-12-04T19:44:28 EET" name="Default suite" finished-at="2023-12-04T19:44:46 EET" duration-ms="18392">
    <groups>
    </groups>
    <test started-at="2023-12-04T19:44:28 EET" name="Default test" finished-at="2023-12-04T19:44:46 EET" duration-ms="18392">
      <class name="Parameters.Assigment2">
        <test-method is-config="true" signature="Setup()[pri:0, instance:Parameters.Assigment2@78c7f9b3]" started-at="2023-12-04T19:44:28 EET" name="Setup" finished-at="2023-12-04T19:44:31 EET" duration-ms="2779" status="PASS">
          <reporter-output>
          </reporter-output>
        </test-method> <!-- Setup -->
        <test-method signature="Contact()[pri:1, instance:Parameters.Assigment2@78c7f9b3]" started-at="2023-12-04T19:44:31 EET" name="Contact" finished-at="2023-12-04T19:44:39 EET" duration-ms="8386" status="PASS">
          <reporter-output>
          </reporter-output>
        </test-method> <!-- Contact -->
        <test-method signature="LogoutTest()[pri:2, instance:Parameters.Assigment2@78c7f9b3]" started-at="2023-12-04T19:44:39 EET" name="LogoutTest" finished-at="2023-12-04T19:44:43 EET" duration-ms="4040" status="PASS">
          <reporter-output>
          </reporter-output>
        </test-method> <!-- LogoutTest -->
        <test-method signature="LoginTest()[pri:3, instance:Parameters.Assigment2@78c7f9b3]" started-at="2023-12-04T19:44:43 EET" name="LoginTest" finished-at="2023-12-04T19:44:46 EET" duration-ms="3161" status="PASS">
          <reporter-output>
          </reporter-output>
        </test-method> <!-- LoginTest -->
        <test-method is-config="true" signature="AfterTest()[pri:0, instance:Parameters.Assigment2@78c7f9b3]" started-at="2023-12-04T19:44:46 EET" name="AfterTest" finished-at="2023-12-04T19:44:46 EET" duration-ms="1" status="PASS">
          <reporter-output>
          </reporter-output>
        </test-method> <!-- AfterTest -->
      </class> <!-- Parameters.Assigment2 -->
    </test> <!-- Default test -->
  </suite> <!-- Default suite -->
</testng-results>
