<?xml version="1.0" encoding="UTF-8"?>
<!-- Generated by org.testng.reporters.JUnitXMLReporter -->
<testsuite ignored="0" hostname="Anas" failures="0" tests="3" name="Default test" time="18.392" errors="0" timestamp="2023-12-04T19:44:46 EET">
  <testcase classname="Parameters.Assigment2" name="Contact" time="8.386"/>
  <testcase classname="Parameters.Assigment2" name="LogoutTest" time="4.04"/>
  <testcase classname="Parameters.Assigment2" name="LoginTest" time="3.161"/>
</testsuite> <!-- Default test -->
