<?xml version="1.0" encoding="UTF-8"?>
<testng-results ignored="0" total="3" passed="3" failed="0" skipped="0">
  <reporter-output>
  </reporter-output>
  <suite started-at="2023-12-04T17:38:41 EET" name="Default suite" finished-at="2023-12-04T17:38:58 EET" duration-ms="16818">
    <groups>
    </groups>
    <test started-at="2023-12-04T17:38:41 EET" name="Default test" finished-at="2023-12-04T17:38:58 EET" duration-ms="16818">
      <class name="Parameters.Assigment2">
        <test-method is-config="true" signature="Setup()[pri:0, instance:Parameters.Assigment2@aa21042]" started-at="2023-12-04T17:38:41 EET" name="Setup" finished-at="2023-12-04T17:38:45 EET" duration-ms="4439" status="PASS">
          <reporter-output>
          </reporter-output>
        </test-method> <!-- Setup -->
        <test-method signature="Contact()[pri:1, instance:Parameters.Assigment2@aa21042]" started-at="2023-12-04T17:38:45 EET" name="Contact" finished-at="2023-12-04T17:38:52 EET" duration-ms="6637" status="PASS">
          <reporter-output>
          </reporter-output>
        </test-method> <!-- Contact -->
        <test-method signature="LogoutTest()[pri:2, instance:Parameters.Assigment2@aa21042]" started-at="2023-12-04T17:38:52 EET" name="LogoutTest" finished-at="2023-12-04T17:38:55 EET" duration-ms="2583" status="PASS">
          <reporter-output>
          </reporter-output>
        </test-method> <!-- LogoutTest -->
        <test-method signature="LoginTest()[pri:3, instance:Parameters.Assigment2@aa21042]" started-at="2023-12-04T17:38:55 EET" name="LoginTest" finished-at="2023-12-04T17:38:58 EET" duration-ms="3137" status="PASS">
          <reporter-output>
          </reporter-output>
        </test-method> <!-- LoginTest -->
        <test-method is-config="true" signature="AfterTest()[pri:0, instance:Parameters.Assigment2@aa21042]" started-at="2023-12-04T17:38:58 EET" name="AfterTest" finished-at="2023-12-04T17:38:58 EET" duration-ms="0" status="PASS">
          <reporter-output>
          </reporter-output>
        </test-method> <!-- AfterTest -->
      </class> <!-- Parameters.Assigment2 -->
    </test> <!-- Default test -->
  </suite> <!-- Default suite -->
</testng-results>
