<?xml version="1.0" encoding="UTF-8"?>
<testng-results ignored="0" total="3" passed="3" failed="0" skipped="0">
  <reporter-output>
  </reporter-output>
  <suite started-at="2023-12-04T17:58:13 EET" name="Default suite" finished-at="2023-12-04T17:58:32 EET" duration-ms="18092">
    <groups>
    </groups>
    <test started-at="2023-12-04T17:58:13 EET" name="Default test" finished-at="2023-12-04T17:58:32 EET" duration-ms="18092">
      <class name="Parameters.Assigment2">
        <test-method is-config="true" signature="Setup()[pri:0, instance:Parameters.Assigment2@78c7f9b3]" started-at="2023-12-04T17:58:13 EET" name="Setup" finished-at="2023-12-04T17:58:20 EET" duration-ms="6369" status="PASS">
          <reporter-output>
          </reporter-output>
        </test-method> <!-- Setup -->
        <test-method signature="Contact()[pri:1, instance:Parameters.Assigment2@78c7f9b3]" started-at="2023-12-04T17:58:20 EET" name="Contact" finished-at="2023-12-04T17:58:26 EET" duration-ms="6093" status="PASS">
          <reporter-output>
          </reporter-output>
        </test-method> <!-- Contact -->
        <test-method signature="LogoutTest()[pri:2, instance:Parameters.Assigment2@78c7f9b3]" started-at="2023-12-04T17:58:26 EET" name="LogoutTest" finished-at="2023-12-04T17:58:28 EET" duration-ms="2486" status="PASS">
          <reporter-output>
          </reporter-output>
        </test-method> <!-- LogoutTest -->
        <test-method signature="LoginTest()[pri:3, instance:Parameters.Assigment2@78c7f9b3]" started-at="2023-12-04T17:58:28 EET" name="LoginTest" finished-at="2023-12-04T17:58:32 EET" duration-ms="3114" status="PASS">
          <reporter-output>
          </reporter-output>
        </test-method> <!-- LoginTest -->
        <test-method is-config="true" signature="AfterTest()[pri:0, instance:Parameters.Assigment2@78c7f9b3]" started-at="2023-12-04T17:58:32 EET" name="AfterTest" finished-at="2023-12-04T17:58:32 EET" duration-ms="0" status="PASS">
          <reporter-output>
          </reporter-output>
        </test-method> <!-- AfterTest -->
      </class> <!-- Parameters.Assigment2 -->
    </test> <!-- Default test -->
  </suite> <!-- Default suite -->
</testng-results>
